<?xml version="1.0" encoding="UTF-8" ?>
<testsuite tests="24" failures="1" name="com.tuomitie.logiikka.SudokuTest" time="0.286" errors="0" skipped="0">
  <properties>
    <property name="java.runtime.name" value="Java(TM) SE Runtime Environment"/>
    <property name="sun.boot.library.path" value="C:\Program Files\Java\jdk1.8.0_112\jre\bin"/>
    <property name="java.vm.version" value="25.112-b15"/>
    <property name="user.country.format" value="FI"/>
    <property name="java.vm.vendor" value="Oracle Corporation"/>
    <property name="java.vendor.url" value="http://java.oracle.com/"/>
    <property name="path.separator" value=";"/>
    <property name="guice.disable.misplaced.annotation.check" value="true"/>
    <property name="java.vm.name" value="Java HotSpot(TM) 64-Bit Server VM"/>
    <property name="file.encoding.pkg" value="sun.io"/>
    <property name="user.script" value=""/>
    <property name="user.country" value="US"/>
    <property name="sun.java.launcher" value="SUN_STANDARD"/>
    <property name="sun.os.patch.level" value=""/>
    <property name="test" value="com.tuomitie.logiikka.SudokuTest"/>
    <property name="java.vm.specification.name" value="Java Virtual Machine Specification"/>
    <property name="user.dir" value="D:\Repos\number-palace\number-palace"/>
    <property name="java.runtime.version" value="1.8.0_112-b15"/>
    <property name="java.awt.graphicsenv" value="sun.awt.Win32GraphicsEnvironment"/>
    <property name="java.endorsed.dirs" value="C:\Program Files\Java\jdk1.8.0_112\jre\lib\endorsed"/>
    <property name="os.arch" value="amd64"/>
    <property name="java.io.tmpdir" value="C:\Users\tuoma\AppData\Local\Temp\"/>
    <property name="line.separator" value="
"/>
    <property name="java.vm.specification.vendor" value="Oracle Corporation"/>
    <property name="user.variant" value=""/>
    <property name="os.name" value="Windows 10"/>
    <property name="maven.ext.class.path" value="C:\Program Files\TMC\java\maven-nblib\netbeans-eventspy.jar"/>
    <property name="classworlds.conf" value="C:\Program Files\TMC\java\maven\bin\m2.conf"/>
    <property name="sun.jnu.encoding" value="Cp1252"/>
    <property name="java.library.path" value="C:\Program Files\Java\jdk1.8.0_112\bin;C:\WINDOWS\Sun\Java\bin;C:\WINDOWS\system32;C:\WINDOWS;C:\ProgramData\Oracle\Java\javapath;C:\WINDOWS\system32;C:\WINDOWS;C:\WINDOWS\System32\Wbem;C:\WINDOWS\System32\WindowsPowerShell\v1.0\;C:\Program Files (x86)\WinSCP\;C:\Program Files (x86)\Intel\Services\IPT\;C:\Program Files\Git\cmd;C:\Program Files\Java\jdk1.8.0_112\bin;C:\RailsInstaller\Git\cmd;C:\RailsInstaller\Ruby2.3.0\bin;C:\Users\tuoma\AppData\Local\Microsoft\WindowsApps;C:\Program Files\Git\usr\bin\GnuWin32\bin\tree.exe;."/>
    <property name="java.specification.name" value="Java Platform API Specification"/>
    <property name="java.class.version" value="52.0"/>
    <property name="sun.management.compiler" value="HotSpot 64-Bit Tiered Compilers"/>
    <property name="os.version" value="10.0"/>
    <property name="user.home" value="C:\Users\tuoma"/>
    <property name="user.timezone" value="Europe/Helsinki"/>
    <property name="java.awt.printerjob" value="sun.awt.windows.WPrinterJob"/>
    <property name="java.specification.version" value="1.8"/>
    <property name="file.encoding" value="UTF-8"/>
    <property name="user.name" value="Tuomas"/>
    <property name="java.class.path" value="C:\Program Files\TMC\java\maven\boot\plexus-classworlds-2.4.jar"/>
    <property name="java.vm.specification.version" value="1.8"/>
    <property name="sun.arch.data.model" value="64"/>
    <property name="java.home" value="C:\Program Files\Java\jdk1.8.0_112\jre"/>
    <property name="sun.java.command" value="org.codehaus.plexus.classworlds.launcher.Launcher -Dtest=com.tuomitie.logiikka.SudokuTest -Dmaven.ext.class.path=C:\Program Files\TMC\java\maven-nblib\netbeans-eventspy.jar -Dfile.encoding=UTF-8 surefire:test"/>
    <property name="java.specification.vendor" value="Oracle Corporation"/>
    <property name="user.language" value="en"/>
    <property name="user.language.format" value="fi"/>
    <property name="awt.toolkit" value="sun.awt.windows.WToolkit"/>
    <property name="java.vm.info" value="mixed mode"/>
    <property name="java.version" value="1.8.0_112"/>
    <property name="java.ext.dirs" value="C:\Program Files\Java\jdk1.8.0_112\jre\lib\ext;C:\WINDOWS\Sun\Java\lib\ext"/>
    <property name="sun.boot.class.path" value="C:\Program Files\Java\jdk1.8.0_112\jre\lib\resources.jar;C:\Program Files\Java\jdk1.8.0_112\jre\lib\rt.jar;C:\Program Files\Java\jdk1.8.0_112\jre\lib\sunrsasign.jar;C:\Program Files\Java\jdk1.8.0_112\jre\lib\jsse.jar;C:\Program Files\Java\jdk1.8.0_112\jre\lib\jce.jar;C:\Program Files\Java\jdk1.8.0_112\jre\lib\charsets.jar;C:\Program Files\Java\jdk1.8.0_112\jre\lib\jfr.jar;C:\Program Files\Java\jdk1.8.0_112\jre\classes"/>
    <property name="java.vendor" value="Oracle Corporation"/>
    <property name="maven.home" value="C:\Program Files\TMC\java\maven"/>
    <property name="file.separator" value="\"/>
    <property name="java.vendor.url.bug" value="http://bugreport.sun.com/bugreport/"/>
    <property name="sun.cpu.endian" value="little"/>
    <property name="sun.io.unicode.encoding" value="UnicodeLittle"/>
    <property name="sun.desktop" value="windows"/>
    <property name="sun.cpu.isalist" value="amd64"/>
  </properties>
  <testcase classname="com.tuomitie.logiikka.SudokuTest" name="alustuksenJalkeenTaulukotOvatSamanmittaiset" time="0.021"/>
  <testcase classname="com.tuomitie.logiikka.SudokuTest" name="rivienSummatOikein" time="0.002"/>
  <testcase classname="com.tuomitie.logiikka.SudokuTest" name="alustuksenJalkeenKenttaOnOlemassa" time="0.008"/>
  <testcase classname="com.tuomitie.logiikka.SudokuTest" name="kuudennenSektorinSummaOikein" time="0.002"/>
  <testcase classname="com.tuomitie.logiikka.SudokuTest" name="ratkaisunTarkistaminenToimii" time="0.014">
    <failure type="java.lang.AssertionError">java.lang.AssertionError
	at org.junit.Assert.fail(Assert.java:86)
	at org.junit.Assert.assertTrue(Assert.java:41)
	at org.junit.Assert.assertTrue(Assert.java:52)
	at com.tuomitie.logiikka.SudokuTest.ratkaisunTarkistaminenToimii(SudokuTest.java:240)
	at sun.reflect.NativeMethodAccessorImpl.invoke0(Native Method)
	at sun.reflect.NativeMethodAccessorImpl.invoke(NativeMethodAccessorImpl.java:62)
	at sun.reflect.DelegatingMethodAccessorImpl.invoke(DelegatingMethodAccessorImpl.java:43)
	at java.lang.reflect.Method.invoke(Method.java:498)
	at org.junit.runners.model.FrameworkMethod$1.runReflectiveCall(FrameworkMethod.java:50)
	at org.junit.internal.runners.model.ReflectiveCallable.run(ReflectiveCallable.java:12)
	at org.junit.runners.model.FrameworkMethod.invokeExplosively(FrameworkMethod.java:47)
	at org.junit.internal.runners.statements.InvokeMethod.evaluate(InvokeMethod.java:17)
	at org.junit.internal.runners.statements.RunBefores.evaluate(RunBefores.java:26)
	at org.junit.internal.runners.statements.RunAfters.evaluate(RunAfters.java:27)
	at org.junit.runners.ParentRunner.runLeaf(ParentRunner.java:325)
	at org.junit.runners.BlockJUnit4ClassRunner.runChild(BlockJUnit4ClassRunner.java:78)
	at org.junit.runners.BlockJUnit4ClassRunner.runChild(BlockJUnit4ClassRunner.java:57)
	at org.junit.runners.ParentRunner$3.run(ParentRunner.java:290)
	at org.junit.runners.ParentRunner$1.schedule(ParentRunner.java:71)
	at org.junit.runners.ParentRunner.runChildren(ParentRunner.java:288)
	at org.junit.runners.ParentRunner.access$000(ParentRunner.java:58)
	at org.junit.runners.ParentRunner$2.evaluate(ParentRunner.java:268)
	at org.junit.internal.runners.statements.RunBefores.evaluate(RunBefores.java:26)
	at org.junit.internal.runners.statements.RunAfters.evaluate(RunAfters.java:27)
	at org.junit.runners.ParentRunner.run(ParentRunner.java:363)
	at org.apache.maven.surefire.junit4.JUnit4TestSet.execute(JUnit4TestSet.java:53)
	at org.apache.maven.surefire.junit4.JUnit4Provider.executeTestSet(JUnit4Provider.java:123)
	at org.apache.maven.surefire.junit4.JUnit4Provider.invoke(JUnit4Provider.java:104)
	at sun.reflect.NativeMethodAccessorImpl.invoke0(Native Method)
	at sun.reflect.NativeMethodAccessorImpl.invoke(NativeMethodAccessorImpl.java:62)
	at sun.reflect.DelegatingMethodAccessorImpl.invoke(DelegatingMethodAccessorImpl.java:43)
	at java.lang.reflect.Method.invoke(Method.java:498)
	at org.apache.maven.surefire.util.ReflectionUtils.invokeMethodWithArray(ReflectionUtils.java:164)
	at org.apache.maven.surefire.booter.ProviderFactory$ProviderProxy.invoke(ProviderFactory.java:110)
	at org.apache.maven.surefire.booter.SurefireStarter.invokeProvider(SurefireStarter.java:175)
	at org.apache.maven.surefire.booter.SurefireStarter.runSuitesInProcessWhenForked(SurefireStarter.java:107)
	at org.apache.maven.surefire.booter.ForkedBooter.main(ForkedBooter.java:68)
</failure>
  </testcase>
  <testcase classname="com.tuomitie.logiikka.SudokuTest" name="luotuNakymaSisaltaaNollia" time="0.002"/>
  <testcase classname="com.tuomitie.logiikka.SudokuTest" name="seitsemannenSektorinSummaOikein" time="0.007"/>
  <testcase classname="com.tuomitie.logiikka.SudokuTest" name="luotuPohjaEiSisallaNollia" time="0.006"/>
  <testcase classname="com.tuomitie.logiikka.SudokuTest" name="kolmannenSektorinSummaOikein" time="0"/>
  <testcase classname="com.tuomitie.logiikka.SudokuTest" name="alustuksenJalkeenTaulukkoOnOlemassa" time="0.004"/>
  <testcase classname="com.tuomitie.logiikka.SudokuTest" name="neljannenSektorinSummaOikein" time="0.005"/>
  <testcase classname="com.tuomitie.logiikka.SudokuTest" name="kahdeksannenSektorinSummaOikein" time="0.003"/>
  <testcase classname="com.tuomitie.logiikka.SudokuTest" name="huonoaSyotettaEiLisataanNakymaan" time="0.035"/>
  <testcase classname="com.tuomitie.logiikka.SudokuTest" name="syotteenKasittelyToimii" time="0"/>
  <testcase classname="com.tuomitie.logiikka.SudokuTest" name="siirronPeruminenToimii" time="0"/>
  <testcase classname="com.tuomitie.logiikka.SudokuTest" name="alustuksenJalkeenPelaajanNakymaOnOlemassa" time="0"/>
  <testcase classname="com.tuomitie.logiikka.SudokuTest" name="viidennenSektorinSummaOikein" time="0.009"/>
  <testcase classname="com.tuomitie.logiikka.SudokuTest" name="toisenSektorinSummaOikein" time="0.002"/>
  <testcase classname="com.tuomitie.logiikka.SudokuTest" name="validiSyoteLisataanNakymaan" time="0.015"/>
  <testcase classname="com.tuomitie.logiikka.SudokuTest" name="yhdeksannenSektorinSummaOikein" time="0"/>
  <testcase classname="com.tuomitie.logiikka.SudokuTest" name="pohjanPaalleEiLisata" time="0"/>
  <testcase classname="com.tuomitie.logiikka.SudokuTest" name="ensimmaisenSektorinSummaOikein" time="0.001"/>
  <testcase classname="com.tuomitie.logiikka.SudokuTest" name="sarakkeidenSummatOikein" time="0.005"/>
  <testcase classname="com.tuomitie.logiikka.SudokuTest" name="luoRuudukkoPalauttaaOikeanmuotoisenTaulukon" time="0.003"/>
</testsuite>